<?xml version="1.0" encoding="UTF-8"?>
<!-- Generated by org.testng.reporters.JUnitReportReporter -->
<testsuite hostname="AVDESKPC" failures="0" tests="7" name="com.automation.testcases.TC_LoginTest" time="148.216" errors="0" timestamp="2023-03-13T13:44:17 JST" skipped="0">
  <testcase classname="com.automation.testcases.TC_LoginTest" name="tc_001_Login_Test" time="16.331"/>
  <system-out/>
  <testcase classname="com.automation.testcases.TC_LoginTest" name="tc_001_Login_Test" time="41.937"/>
  <system-out/>
  <testcase classname="com.automation.testcases.TC_LoginTest" name="tc_001_Login_Test" time="14.643"/>
  <system-out/>
  <testcase classname="com.automation.testcases.TC_LoginTest" name="tc_001_Login_Test" time="27.796"/>
  <system-out/>
  <testcase classname="com.automation.testcases.TC_LoginTest" name="tc_001_Login_Test" time="13.809"/>
  <system-out/>
  <testcase classname="com.automation.testcases.TC_LoginTest" name="tc_001_Login_Test" time="15.705"/>
  <system-out/>
  <testcase classname="com.automation.testcases.TC_LoginTest" name="tc_001_Login_Test" time="17.995"/>
  <system-out/>
</testsuite> <!-- com.automation.testcases.TC_LoginTest -->
