<?xml version="1.0" encoding="UTF-8"?>
<!-- Generated by org.testng.reporters.JUnitReportReporter -->
<testsuite hostname="AVDESKPC" failures="0" tests="6" name="com.api.auto.testcase.TC_API_Login" time="0.056" errors="0" timestamp="2023-03-18T09:55:09 JST" skipped="0">
  <testcase classname="com.api.auto.testcase.TC_API_Login" name="tc001_Validate200Ok" time="0.007"/>
  <system-out/>
  <testcase classname="com.api.auto.testcase.TC_API_Login" name="tc002_ValidateMessage" time="0.010"/>
  <system-out/>
  <testcase classname="com.api.auto.testcase.TC_API_Login" name="tc003_ValidateToken" time="0.012"/>
  <system-out/>
  <testcase classname="com.api.auto.testcase.TC_API_Login" name="tc004_ValidateUserAccount" time="0.009"/>
  <system-out/>
  <testcase classname="com.api.auto.testcase.TC_API_Login" name="tc005_ValidateUserPassword" time="0.009"/>
  <system-out/>
  <testcase classname="com.api.auto.testcase.TC_API_Login" name="tc006_ValidateUserType" time="0.009"/>
  <system-out/>
</testsuite> <!-- com.api.auto.testcase.TC_API_Login -->
