<?xml version="1.0" encoding="UTF-8"?>
<!-- Generated by org.testng.reporters.JUnitReportReporter -->
<testsuite hostname="AVDESKPC" failures="0" tests="5" name="com.api.auto.testcase.TC_API_CreateWork" time="0.043" errors="0" timestamp="2023-03-18T09:55:09 JST" skipped="0">
  <testcase classname="com.api.auto.testcase.TC_API_CreateWork" name="tc001_Validate201Created" time="0.002"/>
  <system-out/>
  <testcase classname="com.api.auto.testcase.TC_API_CreateWork" name="tc002_ValidateId" time="0.003"/>
  <system-out/>
  <testcase classname="com.api.auto.testcase.TC_API_CreateWork" name="tc003_ValidateNameWork" time="0.018"/>
  <system-out/>
  <testcase classname="com.api.auto.testcase.TC_API_CreateWork" name="tc004_ValidateExperience" time="0.012"/>
  <system-out/>
  <testcase classname="com.api.auto.testcase.TC_API_CreateWork" name="tc005_ValidateEducation" time="0.008"/>
  <system-out/>
</testsuite> <!-- com.api.auto.testcase.TC_API_CreateWork -->
